<?xml version="1.0" encoding="utf-8" standalone="no"?>
<test-results xmlns:xsi="http://www.w3.org/2001/XMLSchema-instance" xsi:noNamespaceSchemaLocation="nunit_schema_2.5.xsd" name="Pester" total="200" errors="0" failures="0" not-run="0" inconclusive="0" ignored="0" skipped="6" invalid="0" date="2026-09-25" time="00:24:11">
  <environment cwd="D:\code\.worktrees\sdd-kit\0061" user="SYSTEM" platform="Microsoft Windows 11 Pro|C:\WINDOWS|\Device\Harddisk1\Partition3" os-version="10.0.26200" nunit-version="2.5.8.0" machine-name="THOR" user-domain="THOR" clr-version="10.0.12" />
  <culture-info current-culture="en-US" current-uiculture="en-US" />
  <test-suite type="TestFixture" name="Pester" executed="True" result="Ignored" success="True" time="2.4996" asserts="0" description="Pester">
    <results>
      <test-suite type="TestFixture" name="D:\code\.worktrees\sdd-kit\0061\tests\LocalConfig.Tests.ps1" executed="True" result="Success" success="True" time="0.8337" asserts="0" description="D:\code\.worktrees\sdd-kit\0061\tests\LocalConfig.Tests.ps1">
        <results>
          <test-suite type="TestFixture" name="Precedencia con el fichero local" executed="True" result="Success" success="True" time="0.176" asserts="0" description="Precedencia con el fichero local">
            <results>
              <test-case description="la precedencia tiene cuatro niveles, con el fichero local en segundo lugar" name="Precedencia con el fichero local.la precedencia tiene cuatro niveles, con el fichero local en segundo lugar" time="0.1262" asserts="0" success="True" result="Success" executed="True" />
              <test-case description="la regla de execution va de la task al fichero local y al proyecto, con auto como nivel" name="Precedencia con el fichero local.la regla de execution va de la task al fichero local y al proyecto, con auto como nivel" time="0.0069" asserts="0" success="True" result="Success" executed="True" />
            </results>
          </test-suite>
          <test-suite type="TestFixture" name="Sección del fichero local" executed="True" result="Success" success="True" time="0.2161" asserts="0" description="Sección del fichero local">
            <results>
              <test-case description="nombra las tres claves admitidas" name="Sección del fichero local.nombra las tres claves admitidas" time="0.0062" asserts="0" success="True" result="Success" executed="True" />
              <test-case description="lleva literal el aviso de clave no admitida" name="Sección del fichero local.lleva literal el aviso de clave no admitida" time="0.0097" asserts="0" success="True" result="Success" executed="True" />
              <test-case description="lleva literal el aviso de valor no admitido" name="Sección del fichero local.lleva literal el aviso de valor no admitido" time="0.0048" asserts="0" success="True" result="Success" executed="True" />
              <test-case description="dice que el nombre de quien trabaja sale de git config user.name" name="Sección del fichero local.dice que el nombre de quien trabaja sale de git config user.name" time="0.0043" asserts="0" success="True" result="Success" executed="True" />
              <test-case description="la tabla de claves tiene validation.startEnvironment, booleano con default false" name="Sección del fichero local.la tabla de claves tiene validation.startEnvironment, booleano con default false" time="0.0089" asserts="0" success="True" result="Success" executed="True" />
            </results>
          </test-suite>
          <test-suite type="TestFixture" name="sdd-start-task lee el fichero local" executed="True" result="Success" success="True" time="0.2369" asserts="0" description="sdd-start-task lee el fichero local">
            <results>
              <test-case description="el paso 2 nombra el fichero local y el nivel del que sale el perfil" name="sdd-start-task lee el fichero local.el paso 2 nombra el fichero local y el nivel del que sale el perfil" time="0.0092" asserts="0" success="True" result="Success" executed="True" />
              <test-case description="el paso 5 nombra el fichero local como sitio donde se fija execution" name="sdd-start-task lee el fichero local.el paso 5 nombra el fichero local como sitio donde se fija execution" time="0.0056" asserts="0" success="True" result="Success" executed="True" />
            </results>
          </test-suite>
          <test-suite type="TestFixture" name="El fichero local queda fuera de git" executed="True" result="Success" success="True" time="0.3112" asserts="0" description="El fichero local queda fuera de git">
            <results>
              <test-case description="el .gitignore del repo lo ignora" name="El fichero local queda fuera de git.el .gitignore del repo lo ignora" time="0.0316" asserts="0" success="True" result="Success" executed="True" />
              <test-case description="la migración v1.2.0 lo declara en su línea Escribe y lo verifica" name="El fichero local queda fuera de git.la migración v1.2.0 lo declara en su línea Escribe y lo verifica" time="0.0081" asserts="0" success="True" result="Success" executed="True" />
              <test-suite type="ParameterizedTest" name="El fichero local queda fuera de git.&lt;_&gt; lo añade a .gitignore" executed="True" result="Success" success="True" time="0.0279" asserts="0" description="&lt;_&gt; lo añade a .gitignore">
                <results>
                  <test-case description="skills/sdd-init-greenfield/SKILL.md lo añade a .gitignore" name="El fichero local queda fuera de git.skills/sdd-init-greenfield/SKILL.md lo añade a .gitignore" time="0.0205" asserts="0" success="True" result="Success" executed="True" />
                  <test-case description="skills/sdd-init-greenfield/references/estructura.md lo añade a .gitignore" name="El fichero local queda fuera de git.skills/sdd-init-greenfield/references/estructura.md lo añade a .gitignore" time="0.0035" asserts="0" success="True" result="Success" executed="True" />
                  <test-case description="skills/sdd-init-brownfield/references/generacion.md lo añade a .gitignore" name="El fichero local queda fuera de git.skills/sdd-init-brownfield/references/generacion.md lo añade a .gitignore" time="0.0039" asserts="0" success="True" result="Success" executed="True" />
                </results>
              </test-suite>
            </results>
          </test-suite>
        </results>
      </test-suite>
      <test-suite type="TestFixture" name="D:\code\.worktrees\sdd-kit\0061\tests\ControlProfiles.Tests.ps1" executed="True" result="Success" success="True" time="0.6065" asserts="0" description="D:\code\.worktrees\sdd-kit\0061\tests\ControlProfiles.Tests.ps1">
        <results>
          <test-suite type="TestFixture" name="Perfiles de control: arranque y ejecución" executed="True" result="Success" success="True" time="0.0669" asserts="0" description="Perfiles de control: arranque y ejecución">
            <results>
              <test-case description="la tabla de gates existe y nombra los tres perfiles" name="Perfiles de control: arranque y ejecución.la tabla de gates existe y nombra los tres perfiles" time="0.0093" asserts="0" success="True" result="Success" executed="True" />
              <test-case description="la tabla declara las claves de control con su default" name="Perfiles de control: arranque y ejecución.la tabla declara las claves de control con su default" time="0.0149" asserts="0" success="True" result="Success" executed="True" />
              <test-case description="sdd-start-task enlaza la tabla en vez de copiarla" name="Perfiles de control: arranque y ejecución.sdd-start-task enlaza la tabla en vez de copiarla" time="0.0088" asserts="0" success="True" result="Success" executed="True" />
              <test-case description="los overrides arbitran rulings y merge" name="Perfiles de control: arranque y ejecución.los overrides arbitran rulings y merge" time="0.0075" asserts="0" success="True" result="Success" executed="True" />
              <test-case description="la review de spec no se propone por defecto" name="Perfiles de control: arranque y ejecución.la review de spec no se propone por defecto" time="0.0132" asserts="0" success="True" result="Success" executed="True" />
              <test-case description="la plantilla de spec admite perfil y enmiendas" name="Perfiles de control: arranque y ejecución.la plantilla de spec admite perfil y enmiendas" time="0.0064" asserts="0" success="True" result="Success" executed="True" />
            </results>
          </test-suite>
          <test-suite type="TestFixture" name="Perfiles de control: cierre, release y migración" executed="True" result="Success" success="True" time="0.1349" asserts="0" description="Perfiles de control: cierre, release y migración">
            <results>
              <test-case description="el walkthrough crece por adendas y ya no es inmutable" name="Perfiles de control: cierre, release y migración.el walkthrough crece por adendas y ya no es inmutable" time="0.0068" asserts="0" success="True" result="Success" executed="True" />
              <test-case description="sdd-end-task enlaza la tabla y aplica la política de merge" name="Perfiles de control: cierre, release y migración.sdd-end-task enlaza la tabla y aplica la política de merge" time="0.007" asserts="0" success="True" result="Success" executed="True" />
              <test-case description="sdd-end-release valida las tasks diferidas a su smoke" name="Perfiles de control: cierre, release y migración.sdd-end-release valida las tasks diferidas a su smoke" time="0.0051" asserts="0" success="True" result="Success" executed="True" />
              <test-case description="la migración a v1.2.0 pregunta las claves de control" name="Perfiles de control: cierre, release y migración.la migración a v1.2.0 pregunta las claves de control" time="0.0059" asserts="0" success="True" result="Success" executed="True" />
              <test-case description="las init y la migración enlazan las preguntas de las claves de control sin copiarlas" name="Perfiles de control: cierre, release y migración.las init y la migración enlazan las preguntas de las claves de control sin copiarlas" time="0.0256" asserts="0" success="True" result="Success" executed="True" />
              <test-case description="el Art. IV ya no reserva todo merge al usuario" name="Perfiles de control: cierre, release y migración.el Art. IV ya no reserva todo merge al usuario" time="0.0059" asserts="0" success="True" result="Success" executed="True" />
              <test-case description="el glosario no llama inmutable al walkthrough" name="Perfiles de control: cierre, release y migración.el glosario no llama inmutable al walkthrough" time="0.0048" asserts="0" success="True" result="Success" executed="True" />
            </results>
          </test-suite>
          <test-suite type="TestFixture" name="Perfiles de control: propuesta de partir una task grande" executed="True" result="Success" success="True" time="0.1486" asserts="0" description="Perfiles de control: propuesta de partir una task grande">
            <results>
              <test-case description="la primera pregunta propone partir por encima del umbral orientativo" name="Perfiles de control: propuesta de partir una task grande.la primera pregunta propone partir por encima del umbral orientativo" time="0.0062" asserts="0" success="True" result="Success" executed="True" />
            </results>
          </test-suite>
          <test-suite type="TestFixture" name="Perfiles de control: aprobación explícita y 🧪 sin validar en la release" executed="True" result="Success" success="True" time="0.17" asserts="0" description="Perfiles de control: aprobación explícita y 🧪 sin validar en la release">
            <results>
              <test-case description="elegir un alcance no cuenta como aprobar la spec" name="Perfiles de control: aprobación explícita y 🧪 sin validar en la release.elegir un alcance no cuenta como aprobar la spec" time="0.0059" asserts="0" success="True" result="Success" executed="True" />
              <test-case description="la task 🧪 que el smoke no valida conserva la forma con disparador nuevo" name="Perfiles de control: aprobación explícita y 🧪 sin validar en la release.la task 🧪 que el smoke no valida conserva la forma con disparador nuevo" time="0.0059" asserts="0" success="True" result="Success" executed="True" />
            </results>
          </test-suite>
          <test-suite type="TestFixture" name="Perfiles de control: validación diferida con disparador vago (patch 0037)" executed="True" result="Success" success="True" time="0.2461" asserts="0" description="Perfiles de control: validación diferida con disparador vago (patch 0037)">
            <results>
              <test-case description="control-profiles concreta el disparador en vez de dejar la task EN ESPERA" name="Perfiles de control: validación diferida con disparador vago (patch 0037).control-profiles concreta el disparador en vez de dejar la task EN ESPERA" time="0.04" asserts="0" success="True" result="Success" executed="True" />
              <test-case description="el paso 0 de sdd-end-task no vuelve a preguntar el disparador" name="Perfiles de control: validación diferida con disparador vago (patch 0037).el paso 0 de sdd-end-task no vuelve a preguntar el disparador" time="0.0064" asserts="0" success="True" result="Success" executed="True" />
              <test-case description="el paso 12 de sdd-end-task dice en el mensaje final el disparador concretado" name="Perfiles de control: validación diferida con disparador vago (patch 0037).el paso 12 de sdd-end-task dice en el mensaje final el disparador concretado" time="0.0078" asserts="0" success="True" result="Success" executed="True" />
            </results>
          </test-suite>
          <test-suite type="TestFixture" name="Perfiles de control: el CLAUDE.md del repo no contradice la tabla" executed="True" result="Success" success="True" time="0.2641" asserts="0" description="Perfiles de control: el CLAUDE.md del repo no contradice la tabla">
            <results>
              <test-case description="la regla 6 nombra las paradas de delegate: spec, desvío y validación final" name="Perfiles de control: el CLAUDE.md del repo no contradice la tabla.la regla 6 nombra las paradas de delegate: spec, desvío y validación final" time="0.0102" asserts="0" success="True" result="Success" executed="True" />
            </results>
          </test-suite>
          <test-suite type="TestFixture" name="Merge en el cierre" executed="True" result="Success" success="True" time="0.3797" asserts="0" description="Merge en el cierre">
            <results>
              <test-case description="los dos pasos de rama enlazan la receta" name="Merge en el cierre.los dos pasos de rama enlazan la receta" time="0.0094" asserts="0" success="True" result="Success" executed="True" />
              <test-case description="el cierre de patch lee la política de merge" name="Merge en el cierre.el cierre de patch lee la política de merge" time="0.0055" asserts="0" success="True" result="Success" executed="True" />
              <test-case description="el Art. IV nombra el cierre de patch" name="Merge en el cierre.el Art. IV nombra el cierre de patch" time="0.007" asserts="0" success="True" result="Success" executed="True" />
              <test-case description="la receta regenera el log con el script" name="Merge en el cierre.la receta regenera el log con el script" time="0.0057" asserts="0" success="True" result="Success" executed="True" />
              <test-case description="la receta fija los tres datos del informe de denegación" name="Merge en el cierre.la receta fija los tres datos del informe de denegación" time="0.0068" asserts="0" success="True" result="Success" executed="True" />
              <test-case description="la receta y los dos pasos de rama fusionan con Invoke-SddMerge.ps1" name="Merge en el cierre.la receta y los dos pasos de rama fusionan con Invoke-SddMerge.ps1" time="0.0157" asserts="0" success="True" result="Success" executed="True" />
              <test-case description="la receta pasa como -VerifyCommand el gate de merge y la suite completa corre antes del script" name="Merge en el cierre.la receta pasa como -VerifyCommand el gate de merge y la suite completa corre antes del script" time="0.0085" asserts="0" success="True" result="Success" executed="True" />
              <test-case description="la receta pasa -Push con el push confirmado o autorizado por merge.push y no rehace el merge a mano" name="Merge en el cierre.la receta pasa -Push con el push confirmado o autorizado por merge.push y no rehace el merge a mano" time="0.008" asserts="0" success="True" result="Success" executed="True" />
              <test-case description="ningún texto de skill lleva caracteres de control" name="Merge en el cierre.ningún texto de skill lleva caracteres de control" time="0.0357" asserts="0" success="True" result="Success" executed="True" />
              <test-case description="los dos pasos de rama paran ante la rama destino sacada con cambios sin commitear" name="Merge en el cierre.los dos pasos de rama paran ante la rama destino sacada con cambios sin commitear" time="0.0066" asserts="0" success="True" result="Success" executed="True" />
            </results>
          </test-suite>
          <test-suite type="TestFixture" name="Push autorizado en el cierre: clave y pregunta" executed="True" result="Success" success="True" time="0.4083" asserts="0" description="Push autorizado en el cierre: clave y pregunta">
            <results>
              <test-case description="el bloque de claves de control tiene cuatro preguntas con su recomendación" name="Push autorizado en el cierre: clave y pregunta.el bloque de claves de control tiene cuatro preguntas con su recomendación" time="0.0063" asserts="0" success="True" result="Success" executed="True" />
              <test-case description="las init piden los frenos con la pregunta 4 del bloque" name="Push autorizado en el cierre: clave y pregunta.las init piden los frenos con la pregunta 4 del bloque" time="0.0067" asserts="0" success="True" result="Success" executed="True" />
              <test-case description="la tabla de gates saca el push de la rama de integración de la fila de persona" name="Push autorizado en el cierre: clave y pregunta.la tabla de gates saca el push de la rama de integración de la fila de persona" time="0.0058" asserts="0" success="True" result="Success" executed="True" />
              <test-case description="la misión nombra la excepción del push de la rama de integración" name="Push autorizado en el cierre: clave y pregunta.la misión nombra la excepción del push de la rama de integración" time="0.0043" asserts="0" success="True" result="Success" executed="True" />
            </results>
          </test-suite>
          <test-suite type="TestFixture" name="Push autorizado en el cierre: paso de rama" executed="True" result="Success" success="True" time="0.4312" asserts="0" description="Push autorizado en el cierre: paso de rama">
            <results>
              <test-case description="los dos pasos de rama enlazan la sección Push de la receta y nombran merge.push" name="Push autorizado en el cierre: paso de rama.los dos pasos de rama enlazan la sección Push de la receta y nombran merge.push" time="0.0088" asserts="0" success="True" result="Success" executed="True" />
              <test-case description="la receta empuja con -Push del script y prohíbe forzar" name="Push autorizado en el cierre: paso de rama.la receta empuja con -Push del script y prohíbe forzar" time="0.0061" asserts="0" success="True" result="Success" executed="True" />
            </results>
          </test-suite>
          <test-suite type="TestFixture" name="Mensaje final del cierre" executed="True" result="Success" success="True" time="0.4605" asserts="0" description="Mensaje final del cierre">
            <results>
              <test-case description="el paso 0 de sdd-end-task remite al mensaje final del paso 12" name="Mensaje final del cierre.el paso 0 de sdd-end-task remite al mensaje final del paso 12" time="0.0046" asserts="0" success="True" result="Success" executed="True" />
              <test-suite type="ParameterizedTest" name="Mensaje final del cierre.el último paso de &lt;_.Skill&gt; es el mensaje final y acaba con la línea de terminado" executed="True" result="Success" success="True" time="0.0193" asserts="0" description="el último paso de &lt;_.Skill&gt; es el mensaje final y acaba con la línea de terminado">
                <results>
                  <test-case description="el último paso de sdd-end-task es el mensaje final y acaba con la línea de terminado" name="Mensaje final del cierre.el último paso de sdd-end-task es el mensaje final y acaba con la línea de terminado" time="0.0132" asserts="0" success="True" result="Success" executed="True" />
                  <test-case description="el último paso de sdd-end-patch es el mensaje final y acaba con la línea de terminado" name="Mensaje final del cierre.el último paso de sdd-end-patch es el mensaje final y acaba con la línea de terminado" time="0.006" asserts="0" success="True" result="Success" executed="True" />
                </results>
              </test-suite>
            </results>
          </test-suite>
          <test-suite type="TestFixture" name="Mensaje final del cierre: solo se borra un worktree enlazado" executed="True" result="Success" success="True" time="0.4807" asserts="0" description="Mensaje final del cierre: solo se borra un worktree enlazado">
            <results>
              <test-case description="la receta decide el push con pair primero" name="Mensaje final del cierre: solo se borra un worktree enlazado.la receta decide el push con pair primero" time="0.0045" asserts="0" success="True" result="Success" executed="True" />
              <test-suite type="ParameterizedTest" name="Mensaje final del cierre: solo se borra un worktree enlazado.&lt;_&gt; no ofrece borrar el checkout principal" executed="True" result="Success" success="True" time="0.0104" asserts="0" description="&lt;_&gt; no ofrece borrar el checkout principal">
                <results>
                  <test-case description="sdd-end-task no ofrece borrar el checkout principal" name="Mensaje final del cierre: solo se borra un worktree enlazado.sdd-end-task no ofrece borrar el checkout principal" time="0.0066" asserts="0" success="True" result="Success" executed="True" />
                  <test-case description="sdd-end-patch no ofrece borrar el checkout principal" name="Mensaje final del cierre: solo se borra un worktree enlazado.sdd-end-patch no ofrece borrar el checkout principal" time="0.0037" asserts="0" success="True" result="Success" executed="True" />
                </results>
              </test-suite>
            </results>
          </test-suite>
        </results>
      </test-suite>
      <test-suite type="TestFixture" name="D:\code\.worktrees\sdd-kit\0061\tests\MigrationInitParity.Tests.ps1" executed="True" result="Success" success="True" time="0.3339" asserts="0" description="D:\code\.worktrees\sdd-kit\0061\tests\MigrationInitParity.Tests.ps1">
        <results>
          <test-suite type="TestFixture" name="Paridad migración–init" executed="True" result="Success" success="True" time="0.115" asserts="0" description="Paridad migración–init">
            <results>
              <test-case description="hay migraciones que escriben sdd-kit.json" name="Paridad migración–init.hay migraciones que escriben sdd-kit.json" time="0.0094" asserts="0" success="True" result="Success" executed="True" />
              <test-case description="el corpus de una init no incluye las migraciones" name="Paridad migración–init.el corpus de una init no incluye las migraciones" time="0.0136" asserts="0" success="True" result="Success" executed="True" />
              <test-case description="una clave inventada no aparece en el corpus" name="Paridad migración–init.una clave inventada no aparece en el corpus" time="0.0103" asserts="0" success="True" result="Success" executed="True" />
              <test-case description="el README de migraciones fija la regla de la línea **Escribe**" name="Paridad migración–init.el README de migraciones fija la regla de la línea **Escribe**" time="0.0082" asserts="0" success="True" result="Success" executed="True" />
              <test-suite type="ParameterizedTest" name="Paridad migración–init.&lt;_&gt; declara lo que escribe en su línea **Escribe**" executed="True" result="Success" success="True" time="0.0235" asserts="0" description="&lt;_&gt; declara lo que escribe en su línea **Escribe**">
                <results>
                  <test-case description="v1.0.0.md declara lo que escribe en su línea **Escribe**" name="Paridad migración–init.v1.0.0.md declara lo que escribe en su línea **Escribe**" time="0.0152" asserts="0" success="True" result="Success" executed="True" />
                  <test-case description="v1.1.0.md declara lo que escribe en su línea **Escribe**" name="Paridad migración–init.v1.1.0.md declara lo que escribe en su línea **Escribe**" time="0.0039" asserts="0" success="True" result="Success" executed="True" />
                  <test-case description="v1.2.0.md declara lo que escribe en su línea **Escribe**" name="Paridad migración–init.v1.2.0.md declara lo que escribe en su línea **Escribe**" time="0.0043" asserts="0" success="True" result="Success" executed="True" />
                </results>
              </test-suite>
              <test-suite type="ParameterizedTest" name="Paridad migración–init.cada token declarado por una migración aparece en &lt;_&gt;" executed="True" result="Success" success="True" time="0.0441" asserts="0" description="cada token declarado por una migración aparece en &lt;_&gt;">
                <results>
                  <test-case description="cada token declarado por una migración aparece en sdd-init-greenfield" name="Paridad migración–init.cada token declarado por una migración aparece en sdd-init-greenfield" time="0.0304" asserts="0" success="True" result="Success" executed="True" />
                  <test-case description="cada token declarado por una migración aparece en sdd-init-brownfield" name="Paridad migración–init.cada token declarado por una migración aparece en sdd-init-brownfield" time="0.0138" asserts="0" success="True" result="Success" executed="True" />
                </results>
              </test-suite>
            </results>
          </test-suite>
          <test-suite type="TestFixture" name="Configuración y log que deja la init" executed="True" result="Success" success="True" time="0.1922" asserts="0" description="Configuración y log que deja la init">
            <results>
              <test-case description="la red flag de greenfield habla de filas, no de contenido" name="Configuración y log que deja la init.la red flag de greenfield habla de filas, no de contenido" time="0.0053" asserts="0" success="True" result="Success" executed="True" />
              <test-case description="la migración a v1.2.0 ordena ids, control, configuración, memoria y marcador" name="Configuración y log que deja la init.la migración a v1.2.0 ordena ids, control, configuración, memoria y marcador" time="0.0074" asserts="0" success="True" result="Success" executed="True" />
              <test-case description="el paso de memoria nombra la carpeta, el índice y el gate de borrado" name="Configuración y log que deja la init.el paso de memoria nombra la carpeta, el índice y el gate de borrado" time="0.0081" asserts="0" success="True" result="Success" executed="True" />
              <test-case description="el README cita autoMemoryEnabled" name="Configuración y log que deja la init.el README cita autoMemoryEnabled" time="0.0047" asserts="0" success="True" result="Success" executed="True" />
              <test-suite type="ParameterizedTest" name="Configuración y log que deja la init.&lt;_&gt; deja autoMemoryEnabled a false, los temporales ignorados y el log del script" executed="True" result="Success" success="True" time="0.0255" asserts="0" description="&lt;_&gt; deja autoMemoryEnabled a false, los temporales ignorados y el log del script">
                <results>
                  <test-case description="sdd-init-greenfield deja autoMemoryEnabled a false, los temporales ignorados y el log del script" name="Configuración y log que deja la init.sdd-init-greenfield deja autoMemoryEnabled a false, los temporales ignorados y el log del script" time="0.0142" asserts="0" success="True" result="Success" executed="True" />
                  <test-case description="sdd-init-brownfield deja autoMemoryEnabled a false, los temporales ignorados y el log del script" name="Configuración y log que deja la init.sdd-init-brownfield deja autoMemoryEnabled a false, los temporales ignorados y el log del script" time="0.0113" asserts="0" success="True" result="Success" executed="True" />
                </results>
              </test-suite>
              <test-suite type="ParameterizedTest" name="Configuración y log que deja la init.&lt;_&gt; pregunta antes de cambiar autoMemoryEnabled a true" executed="True" result="Success" success="True" time="0.0206" asserts="0" description="&lt;_&gt; pregunta antes de cambiar autoMemoryEnabled a true">
                <results>
                  <test-case description="sdd-init-greenfield pregunta antes de cambiar autoMemoryEnabled a true" name="Configuración y log que deja la init.sdd-init-greenfield pregunta antes de cambiar autoMemoryEnabled a true" time="0.0114" asserts="0" success="True" result="Success" executed="True" />
                  <test-case description="sdd-init-brownfield pregunta antes de cambiar autoMemoryEnabled a true" name="Configuración y log que deja la init.sdd-init-brownfield pregunta antes de cambiar autoMemoryEnabled a true" time="0.0092" asserts="0" success="True" result="Success" executed="True" />
                </results>
              </test-suite>
            </results>
          </test-suite>
          <test-suite type="TestFixture" name="Proyecto de referencia" executed="True" result="Success" success="True" time="0.2188" asserts="0" description="Proyecto de referencia">
            <results>
              <test-case description="la constitution lo lleva en Convenciones" name="Proyecto de referencia.la constitution lo lleva en Convenciones" time="0.0128" asserts="0" success="True" result="Success" executed="True" />
              <test-case description="greenfield lo pregunta como pregunta 22" name="Proyecto de referencia.greenfield lo pregunta como pregunta 22" time="0.0044" asserts="0" success="True" result="Success" executed="True" />
              <test-case description="brownfield lo pregunta como pregunta 8" name="Proyecto de referencia.brownfield lo pregunta como pregunta 8" time="0.0042" asserts="0" success="True" result="Success" executed="True" />
            </results>
          </test-suite>
          <test-suite type="TestFixture" name="Tabla de release con Ficheros que toca" executed="True" result="Success" success="True" time="0.2374" asserts="0" description="Tabla de release con Ficheros que toca">
            <results>
              <test-case description="la plantilla del roadmap fija la cabecera de la tabla de release" name="Tabla de release con Ficheros que toca.la plantilla del roadmap fija la cabecera de la tabla de release" time="0.0046" asserts="0" success="True" result="Success" executed="True" />
              <test-case description="sdd-start-release escribe la sección con esa tabla" name="Tabla de release con Ficheros que toca.sdd-start-release escribe la sección con esa tabla" time="0.0045" asserts="0" success="True" result="Success" executed="True" />
              <test-case description="sdd-start-release no deja la celda de ficheros por definir" name="Tabla de release con Ficheros que toca.sdd-start-release no deja la celda de ficheros por definir" time="0.0044" asserts="0" success="True" result="Success" executed="True" />
            </results>
          </test-suite>
        </results>
      </test-suite>
      <test-suite type="TestFixture" name="D:\code\.worktrees\sdd-kit\0061\tests\Skills.Tests.ps1" executed="True" result="Ignored" success="True" time="0.7255" asserts="0" description="D:\code\.worktrees\sdd-kit\0061\tests\Skills.Tests.ps1">
        <results>
          <test-suite type="TestFixture" name="Carpeta skills/" executed="True" result="Success" success="True" time="0.0102" asserts="0" description="Carpeta skills/">
            <results>
              <test-case description="contiene al menos una skill" name="Carpeta skills/.contiene al menos una skill" time="0.0057" asserts="0" success="True" result="Success" executed="True" />
            </results>
          </test-suite>
          <test-suite type="TestFixture" name="Skill add-to-changelog" executed="True" result="Ignored" success="True" time="0.1007" asserts="0" description="Skill add-to-changelog">
            <results>
              <test-case description="tiene frontmatter con name igual a la carpeta" name="Skill add-to-changelog.tiene frontmatter con name igual a la carpeta" time="0.0041" asserts="0" success="True" result="Success" executed="True" />
              <test-case description="tiene name en kebab-case" name="Skill add-to-changelog.tiene name en kebab-case" time="0.0029" asserts="0" success="True" result="Success" executed="True" />
              <test-case description="tiene description que dice cuándo usarla (empieza por «Usar»)" name="Skill add-to-changelog.tiene description que dice cuándo usarla (empieza por «Usar»)" time="0.0029" asserts="0" success="True" result="Success" executed="True" />
              <test-case description="tiene description de 1024 caracteres como máximo" name="Skill add-to-changelog.tiene description de 1024 caracteres como máximo" time="0.0037" asserts="0" success="True" result="Success" executed="True" />
              <test-case description="tiene el H1 igual al nombre" name="Skill add-to-changelog.tiene el H1 igual al nombre" time="0.0029" asserts="0" success="True" result="Success" executed="True" />
              <test-case description="tiene sección Overview" name="Skill add-to-changelog.tiene sección Overview" time="0.0027" asserts="0" success="True" result="Success" executed="True" />
              <test-case description="no fuerza la carga de ficheros con @" name="Skill add-to-changelog.no fuerza la carga de ficheros con @" time="0.0031" asserts="0" success="True" result="Success" executed="True" />
              <test-case description="enlaza solo a ficheros que existen" name="Skill add-to-changelog.enlaza solo a ficheros que existen" time="0.0047" asserts="0" success="True" result="Success" executed="True" />
              <test-case description="enlaza todos sus references/ desde SKILL.md" name="Skill add-to-changelog.enlaza todos sus references/ desde SKILL.md" time="0.0451" asserts="0" success="False" result="Ignored" executed="False" />
            </results>
          </test-suite>
          <test-suite type="TestFixture" name="Skill sdd-consult" executed="True" result="Ignored" success="True" time="0.1264" asserts="0" description="Skill sdd-consult">
            <results>
              <test-case description="tiene frontmatter con name igual a la carpeta" name="Skill sdd-consult.tiene frontmatter con name igual a la carpeta" time="0.0025" asserts="0" success="True" result="Success" executed="True" />
              <test-case description="tiene name en kebab-case" name="Skill sdd-consult.tiene name en kebab-case" time="0.0018" asserts="0" success="True" result="Success" executed="True" />
              <test-case description="tiene description que dice cuándo usarla (empieza por «Usar»)" name="Skill sdd-consult.tiene description que dice cuándo usarla (empieza por «Usar»)" time="0.0018" asserts="0" success="True" result="Success" executed="True" />
              <test-case description="tiene description de 1024 caracteres como máximo" name="Skill sdd-consult.tiene description de 1024 caracteres como máximo" time="0.0018" asserts="0" success="True" result="Success" executed="True" />
              <test-case description="tiene el H1 igual al nombre" name="Skill sdd-consult.tiene el H1 igual al nombre" time="0.0019" asserts="0" success="True" result="Success" executed="True" />
              <test-case description="tiene sección Overview" name="Skill sdd-consult.tiene sección Overview" time="0.0019" asserts="0" success="True" result="Success" executed="True" />
              <test-case description="no fuerza la carga de ficheros con @" name="Skill sdd-consult.no fuerza la carga de ficheros con @" time="0.0019" asserts="0" success="True" result="Success" executed="True" />
              <test-case description="enlaza solo a ficheros que existen" name="Skill sdd-consult.enlaza solo a ficheros que existen" time="0.0027" asserts="0" success="True" result="Success" executed="True" />
              <test-case description="enlaza todos sus references/ desde SKILL.md" name="Skill sdd-consult.enlaza todos sus references/ desde SKILL.md" time="0.0033" asserts="0" success="False" result="Ignored" executed="False" />
            </results>
          </test-suite>
          <test-suite type="TestFixture" name="Skill sdd-end-patch" executed="True" result="Ignored" success="True" time="0.1516" asserts="0" description="Skill sdd-end-patch">
            <results>
              <test-case description="tiene frontmatter con name igual a la carpeta" name="Skill sdd-end-patch.tiene frontmatter con name igual a la carpeta" time="0.0021" asserts="0" success="True" result="Success" executed="True" />
              <test-case description="tiene name en kebab-case" name="Skill sdd-end-patch.tiene name en kebab-case" time="0.0019" asserts="0" success="True" result="Success" executed="True" />
              <test-case description="tiene description que dice cuándo usarla (empieza por «Usar»)" name="Skill sdd-end-patch.tiene description que dice cuándo usarla (empieza por «Usar»)" time="0.0018" asserts="0" success="True" result="Success" executed="True" />
              <test-case description="tiene description de 1024 caracteres como máximo" name="Skill sdd-end-patch.tiene description de 1024 caracteres como máximo" time="0.0018" asserts="0" success="True" result="Success" executed="True" />
              <test-case description="tiene el H1 igual al nombre" name="Skill sdd-end-patch.tiene el H1 igual al nombre" time="0.002" asserts="0" success="True" result="Success" executed="True" />
              <test-case description="tiene sección Overview" name="Skill sdd-end-patch.tiene sección Overview" time="0.0019" asserts="0" success="True" result="Success" executed="True" />
              <test-case description="no fuerza la carga de ficheros con @" name="Skill sdd-end-patch.no fuerza la carga de ficheros con @" time="0.0019" asserts="0" success="True" result="Success" executed="True" />
              <test-case description="enlaza solo a ficheros que existen" name="Skill sdd-end-patch.enlaza solo a ficheros que existen" time="0.0024" asserts="0" success="True" result="Success" executed="True" />
              <test-case description="enlaza todos sus references/ desde SKILL.md" name="Skill sdd-end-patch.enlaza todos sus references/ desde SKILL.md" time="0.0032" asserts="0" success="False" result="Ignored" executed="False" />
            </results>
          </test-suite>
          <test-suite type="TestFixture" name="Skill sdd-end-release" executed="True" result="Success" success="True" time="0.1892" asserts="0" description="Skill sdd-end-release">
            <results>
              <test-case description="tiene frontmatter con name igual a la carpeta" name="Skill sdd-end-release.tiene frontmatter con name igual a la carpeta" time="0.0022" asserts="0" success="True" result="Success" executed="True" />
              <test-case description="tiene name en kebab-case" name="Skill sdd-end-release.tiene name en kebab-case" time="0.0019" asserts="0" success="True" result="Success" executed="True" />
              <test-case description="tiene description que dice cuándo usarla (empieza por «Usar»)" name="Skill sdd-end-release.tiene description que dice cuándo usarla (empieza por «Usar»)" time="0.0019" asserts="0" success="True" result="Success" executed="True" />
              <test-case description="tiene description de 1024 caracteres como máximo" name="Skill sdd-end-release.tiene description de 1024 caracteres como máximo" time="0.0019" asserts="0" success="True" result="Success" executed="True" />
              <test-case description="tiene el H1 igual al nombre" name="Skill sdd-end-release.tiene el H1 igual al nombre" time="0.002" asserts="0" success="True" result="Success" executed="True" />
              <test-case description="tiene sección Overview" name="Skill sdd-end-release.tiene sección Overview" time="0.0019" asserts="0" success="True" result="Success" executed="True" />
              <test-case description="no fuerza la carga de ficheros con @" name="Skill sdd-end-release.no fuerza la carga de ficheros con @" time="0.0038" asserts="0" success="True" result="Success" executed="True" />
              <test-case description="enlaza solo a ficheros que existen" name="Skill sdd-end-release.enlaza solo a ficheros que existen" time="0.007" asserts="0" success="True" result="Success" executed="True" />
              <test-case description="enlaza todos sus references/ desde SKILL.md" name="Skill sdd-end-release.enlaza todos sus references/ desde SKILL.md" time="0.0088" asserts="0" success="True" result="Success" executed="True" />
            </results>
          </test-suite>
          <test-suite type="TestFixture" name="Skill sdd-end-task" executed="True" result="Success" success="True" time="0.2165" asserts="0" description="Skill sdd-end-task">
            <results>
              <test-case description="tiene frontmatter con name igual a la carpeta" name="Skill sdd-end-task.tiene frontmatter con name igual a la carpeta" time="0.0024" asserts="0" success="True" result="Success" executed="True" />
              <test-case description="tiene name en kebab-case" name="Skill sdd-end-task.tiene name en kebab-case" time="0.0018" asserts="0" success="True" result="Success" executed="True" />
              <test-case description="tiene description que dice cuándo usarla (empieza por «Usar»)" name="Skill sdd-end-task.tiene description que dice cuándo usarla (empieza por «Usar»)" time="0.0017" asserts="0" success="True" result="Success" executed="True" />
              <test-case description="tiene description de 1024 caracteres como máximo" name="Skill sdd-end-task.tiene description de 1024 caracteres como máximo" time="0.0017" asserts="0" success="True" result="Success" executed="True" />
              <test-case description="tiene el H1 igual al nombre" name="Skill sdd-end-task.tiene el H1 igual al nombre" time="0.0019" asserts="0" success="True" result="Success" executed="True" />
              <test-case description="tiene sección Overview" name="Skill sdd-end-task.tiene sección Overview" time="0.0019" asserts="0" success="True" result="Success" executed="True" />
              <test-case description="no fuerza la carga de ficheros con @" name="Skill sdd-end-task.no fuerza la carga de ficheros con @" time="0.0018" asserts="0" success="True" result="Success" executed="True" />
              <test-case description="enlaza solo a ficheros que existen" name="Skill sdd-end-task.enlaza solo a ficheros que existen" time="0.0033" asserts="0" success="True" result="Success" executed="True" />
              <test-case description="enlaza todos sus references/ desde SKILL.md" name="Skill sdd-end-task.enlaza todos sus references/ desde SKILL.md" time="0.0051" asserts="0" success="True" result="Success" executed="True" />
            </results>
          </test-suite>
          <test-suite type="TestFixture" name="Skill sdd-feedback" executed="True" result="Ignored" success="True" time="0.24" asserts="0" description="Skill sdd-feedback">
            <results>
              <test-case description="tiene frontmatter con name igual a la carpeta" name="Skill sdd-feedback.tiene frontmatter con name igual a la carpeta" time="0.002" asserts="0" success="True" result="Success" executed="True" />
              <test-case description="tiene name en kebab-case" name="Skill sdd-feedback.tiene name en kebab-case" time="0.0017" asserts="0" success="True" result="Success" executed="True" />
              <test-case description="tiene description que dice cuándo usarla (empieza por «Usar»)" name="Skill sdd-feedback.tiene description que dice cuándo usarla (empieza por «Usar»)" time="0.0017" asserts="0" success="True" result="Success" executed="True" />
              <test-case description="tiene description de 1024 caracteres como máximo" name="Skill sdd-feedback.tiene description de 1024 caracteres como máximo" time="0.0017" asserts="0" success="True" result="Success" executed="True" />
              <test-case description="tiene el H1 igual al nombre" name="Skill sdd-feedback.tiene el H1 igual al nombre" time="0.0018" asserts="0" success="True" result="Success" executed="True" />
              <test-case description="tiene sección Overview" name="Skill sdd-feedback.tiene sección Overview" time="0.0017" asserts="0" success="True" result="Success" executed="True" />
              <test-case description="no fuerza la carga de ficheros con @" name="Skill sdd-feedback.no fuerza la carga de ficheros con @" time="0.0017" asserts="0" success="True" result="Success" executed="True" />
              <test-case description="enlaza solo a ficheros que existen" name="Skill sdd-feedback.enlaza solo a ficheros que existen" time="0.002" asserts="0" success="True" result="Success" executed="True" />
              <test-case description="enlaza todos sus references/ desde SKILL.md" name="Skill sdd-feedback.enlaza todos sus references/ desde SKILL.md" time="0.0031" asserts="0" success="False" result="Ignored" executed="False" />
            </results>
          </test-suite>
          <test-suite type="TestFixture" name="Skill sdd-init-brownfield" executed="True" result="Success" success="True" time="0.2736" asserts="0" description="Skill sdd-init-brownfield">
            <results>
              <test-case description="tiene frontmatter con name igual a la carpeta" name="Skill sdd-init-brownfield.tiene frontmatter con name igual a la carpeta" time="0.0023" asserts="0" success="True" result="Success" executed="True" />
              <test-case description="tiene name en kebab-case" name="Skill sdd-init-brownfield.tiene name en kebab-case" time="0.0017" asserts="0" success="True" result="Success" executed="True" />
              <test-case description="tiene description que dice cuándo usarla (empieza por «Usar»)" name="Skill sdd-init-brownfield.tiene description que dice cuándo usarla (empieza por «Usar»)" time="0.0018" asserts="0" success="True" result="Success" executed="True" />
              <test-case description="tiene description de 1024 caracteres como máximo" name="Skill sdd-init-brownfield.tiene description de 1024 caracteres como máximo" time="0.0017" asserts="0" success="True" result="Success" executed="True" />
              <test-case description="tiene el H1 igual al nombre" name="Skill sdd-init-brownfield.tiene el H1 igual al nombre" time="0.0018" asserts="0" success="True" result="Success" executed="True" />
              <test-case description="tiene sección Overview" name="Skill sdd-init-brownfield.tiene sección Overview" time="0.0018" asserts="0" success="True" result="Success" executed="True" />
              <test-case description="no fuerza la carga de ficheros con @" name="Skill sdd-init-brownfield.no fuerza la carga de ficheros con @" time="0.0018" asserts="0" success="True" result="Success" executed="True" />
              <test-case description="enlaza solo a ficheros que existen" name="Skill sdd-init-brownfield.enlaza solo a ficheros que existen" time="0.0031" asserts="0" success="True" result="Success" executed="True" />
              <test-case description="enlaza todos sus references/ desde SKILL.md" name="Skill sdd-init-brownfield.enlaza todos sus references/ desde SKILL.md" time="0.0052" asserts="0" success="True" result="Success" executed="True" />
            </results>
          </test-suite>
          <test-suite type="TestFixture" name="Skill sdd-init-greenfield" executed="True" result="Success" success="True" time="0.3114" asserts="0" description="Skill sdd-init-greenfield">
            <results>
              <test-case description="tiene frontmatter con name igual a la carpeta" name="Skill sdd-init-greenfield.tiene frontmatter con name igual a la carpeta" time="0.0021" asserts="0" success="True" result="Success" executed="True" />
              <test-case description="tiene name en kebab-case" name="Skill sdd-init-greenfield.tiene name en kebab-case" time="0.0018" asserts="0" success="True" result="Success" executed="True" />
              <test-case description="tiene description que dice cuándo usarla (empieza por «Usar»)" name="Skill sdd-init-greenfield.tiene description que dice cuándo usarla (empieza por «Usar»)" time="0.0017" asserts="0" success="True" result="Success" executed="True" />
              <test-case description="tiene description de 1024 caracteres como máximo" name="Skill sdd-init-greenfield.tiene description de 1024 caracteres como máximo" time="0.0017" asserts="0" success="True" result="Success" executed="True" />
              <test-case description="tiene el H1 igual al nombre" name="Skill sdd-init-greenfield.tiene el H1 igual al nombre" time="0.0093" asserts="0" success="True" result="Success" executed="True" />
              <test-case description="tiene sección Overview" name="Skill sdd-init-greenfield.tiene sección Overview" time="0.0027" asserts="0" success="True" result="Success" executed="True" />
              <test-case description="no fuerza la carga de ficheros con @" name="Skill sdd-init-greenfield.no fuerza la carga de ficheros con @" time="0.0025" asserts="0" success="True" result="Success" executed="True" />
              <test-case description="enlaza solo a ficheros que existen" name="Skill sdd-init-greenfield.enlaza solo a ficheros que existen" time="0.0038" asserts="0" success="True" result="Success" executed="True" />
              <test-case description="enlaza todos sus references/ desde SKILL.md" name="Skill sdd-init-greenfield.enlaza todos sus references/ desde SKILL.md" time="0.006" asserts="0" success="True" result="Success" executed="True" />
            </results>
          </test-suite>
          <test-suite type="TestFixture" name="Skill sdd-start-patch" executed="True" result="Ignored" success="True" time="0.3513" asserts="0" description="Skill sdd-start-patch">
            <results>
              <test-case description="tiene frontmatter con name igual a la carpeta" name="Skill sdd-start-patch.tiene frontmatter con name igual a la carpeta" time="0.0032" asserts="0" success="True" result="Success" executed="True" />
              <test-case description="tiene name en kebab-case" name="Skill sdd-start-patch.tiene name en kebab-case" time="0.0031" asserts="0" success="True" result="Success" executed="True" />
              <test-case description="tiene description que dice cuándo usarla (empieza por «Usar»)" name="Skill sdd-start-patch.tiene description que dice cuándo usarla (empieza por «Usar»)" time="0.0027" asserts="0" success="True" result="Success" executed="True" />
              <test-case description="tiene description de 1024 caracteres como máximo" name="Skill sdd-start-patch.tiene description de 1024 caracteres como máximo" time="0.0024" asserts="0" success="True" result="Success" executed="True" />
              <test-case description="tiene el H1 igual al nombre" name="Skill sdd-start-patch.tiene el H1 igual al nombre" time="0.0025" asserts="0" success="True" result="Success" executed="True" />
              <test-case description="tiene sección Overview" name="Skill sdd-start-patch.tiene sección Overview" time="0.0031" asserts="0" success="True" result="Success" executed="True" />
              <test-case description="no fuerza la carga de ficheros con @" name="Skill sdd-start-patch.no fuerza la carga de ficheros con @" time="0.0064" asserts="0" success="True" result="Success" executed="True" />
              <test-case description="enlaza solo a ficheros que existen" name="Skill sdd-start-patch.enlaza solo a ficheros que existen" time="0.0049" asserts="0" success="True" result="Success" executed="True" />
              <test-case description="enlaza todos sus references/ desde SKILL.md" name="Skill sdd-start-patch.enlaza todos sus references/ desde SKILL.md" time="0.0042" asserts="0" success="False" result="Ignored" executed="False" />
            </results>
          </test-suite>
          <test-suite type="TestFixture" name="Skill sdd-start-release" executed="True" result="Success" success="True" time="0.3862" asserts="0" description="Skill sdd-start-release">
            <results>
              <test-case description="tiene frontmatter con name igual a la carpeta" name="Skill sdd-start-release.tiene frontmatter con name igual a la carpeta" time="0.0029" asserts="0" success="True" result="Success" executed="True" />
              <test-case description="tiene name en kebab-case" name="Skill sdd-start-release.tiene name en kebab-case" time="0.0024" asserts="0" success="True" result="Success" executed="True" />
              <test-case description="tiene description que dice cuándo usarla (empieza por «Usar»)" name="Skill sdd-start-release.tiene description que dice cuándo usarla (empieza por «Usar»)" time="0.0025" asserts="0" success="True" result="Success" executed="True" />
              <test-case description="tiene description de 1024 caracteres como máximo" name="Skill sdd-start-release.tiene description de 1024 caracteres como máximo" time="0.0024" asserts="0" success="True" result="Success" executed="True" />
              <test-case description="tiene el H1 igual al nombre" name="Skill sdd-start-release.tiene el H1 igual al nombre" time="0.0026" asserts="0" success="True" result="Success" executed="True" />
              <test-case description="tiene sección Overview" name="Skill sdd-start-release.tiene sección Overview" time="0.0025" asserts="0" success="True" result="Success" executed="True" />
              <test-case description="no fuerza la carga de ficheros con @" name="Skill sdd-start-release.no fuerza la carga de ficheros con @" time="0.0025" asserts="0" success="True" result="Success" executed="True" />
              <test-case description="enlaza solo a ficheros que existen" name="Skill sdd-start-release.enlaza solo a ficheros que existen" time="0.004" asserts="0" success="True" result="Success" executed="True" />
              <test-case description="enlaza todos sus references/ desde SKILL.md" name="Skill sdd-start-release.enlaza todos sus references/ desde SKILL.md" time="0.006" asserts="0" success="True" result="Success" executed="True" />
            </results>
          </test-suite>
          <test-suite type="TestFixture" name="Skill sdd-start-task" executed="True" result="Success" success="True" time="0.4313" asserts="0" description="Skill sdd-start-task">
            <results>
              <test-case description="tiene frontmatter con name igual a la carpeta" name="Skill sdd-start-task.tiene frontmatter con name igual a la carpeta" time="0.0032" asserts="0" success="True" result="Success" executed="True" />
              <test-case description="tiene name en kebab-case" name="Skill sdd-start-task.tiene name en kebab-case" time="0.0025" asserts="0" success="True" result="Success" executed="True" />
              <test-case description="tiene description que dice cuándo usarla (empieza por «Usar»)" name="Skill sdd-start-task.tiene description que dice cuándo usarla (empieza por «Usar»)" time="0.0024" asserts="0" success="True" result="Success" executed="True" />
              <test-case description="tiene description de 1024 caracteres como máximo" name="Skill sdd-start-task.tiene description de 1024 caracteres como máximo" time="0.0024" asserts="0" success="True" result="Success" executed="True" />
              <test-case description="tiene el H1 igual al nombre" name="Skill sdd-start-task.tiene el H1 igual al nombre" time="0.0028" asserts="0" success="True" result="Success" executed="True" />
              <test-case description="tiene sección Overview" name="Skill sdd-start-task.tiene sección Overview" time="0.0028" asserts="0" success="True" result="Success" executed="True" />
              <test-case description="no fuerza la carga de ficheros con @" name="Skill sdd-start-task.no fuerza la carga de ficheros con @" time="0.0051" asserts="0" success="True" result="Success" executed="True" />
              <test-case description="enlaza solo a ficheros que existen" name="Skill sdd-start-task.enlaza solo a ficheros que existen" time="0.0105" asserts="0" success="True" result="Success" executed="True" />
              <test-case description="enlaza todos sus references/ desde SKILL.md" name="Skill sdd-start-task.enlaza todos sus references/ desde SKILL.md" time="0.0067" asserts="0" success="True" result="Success" executed="True" />
            </results>
          </test-suite>
          <test-suite type="TestFixture" name="Skill sdd-templates" executed="True" result="Ignored" success="True" time="0.4635" asserts="0" description="Skill sdd-templates">
            <results>
              <test-case description="tiene frontmatter con name igual a la carpeta" name="Skill sdd-templates.tiene frontmatter con name igual a la carpeta" time="0.0024" asserts="0" success="True" result="Success" executed="True" />
              <test-case description="tiene name en kebab-case" name="Skill sdd-templates.tiene name en kebab-case" time="0.0021" asserts="0" success="True" result="Success" executed="True" />
              <test-case description="tiene description que dice cuándo usarla (empieza por «Usar»)" name="Skill sdd-templates.tiene description que dice cuándo usarla (empieza por «Usar»)" time="0.002" asserts="0" success="True" result="Success" executed="True" />
              <test-case description="tiene description de 1024 caracteres como máximo" name="Skill sdd-templates.tiene description de 1024 caracteres como máximo" time="0.002" asserts="0" success="True" result="Success" executed="True" />
              <test-case description="tiene el H1 igual al nombre" name="Skill sdd-templates.tiene el H1 igual al nombre" time="0.0022" asserts="0" success="True" result="Success" executed="True" />
              <test-case description="tiene sección Overview" name="Skill sdd-templates.tiene sección Overview" time="0.0021" asserts="0" success="True" result="Success" executed="True" />
              <test-case description="no fuerza la carga de ficheros con @" name="Skill sdd-templates.no fuerza la carga de ficheros con @" time="0.0021" asserts="0" success="True" result="Success" executed="True" />
              <test-case description="enlaza solo a ficheros que existen" name="Skill sdd-templates.enlaza solo a ficheros que existen" time="0.0076" asserts="0" success="True" result="Success" executed="True" />
              <test-case description="enlaza todos sus references/ desde SKILL.md" name="Skill sdd-templates.enlaza todos sus references/ desde SKILL.md" time="0.0035" asserts="0" success="False" result="Ignored" executed="False" />
            </results>
          </test-suite>
          <test-suite type="TestFixture" name="Índice de sdd-templates" executed="True" result="Success" success="True" time="0.4883" asserts="0" description="Índice de sdd-templates">
            <results>
              <test-case description="lista cada plantilla de templates/ exactamente una vez" name="Índice de sdd-templates.lista cada plantilla de templates/ exactamente una vez" time="0.0055" asserts="0" success="True" result="Success" executed="True" />
              <test-case description="coincide con el recuento de plantillas del README" name="Índice de sdd-templates.coincide con el recuento de plantillas del README" time="0.0063" asserts="0" success="True" result="Success" executed="True" />
            </results>
          </test-suite>
          <test-suite type="TestFixture" name="Skills de superpowers citadas" executed="True" result="Success" success="True" time="0.5464" asserts="0" description="Skills de superpowers citadas">
            <results>
              <test-case description="el README declara la misma lista que citan las skills" name="Skills de superpowers citadas.el README declara la misma lista que citan las skills" time="0.0043" asserts="0" success="True" result="Success" executed="True" />
              <test-case description="el README declara el número correcto" name="Skills de superpowers citadas.el README declara el número correcto" time="0.0032" asserts="0" success="True" result="Success" executed="True" />
            </results>
          </test-suite>
          <test-suite type="TestFixture" name="Manifests del plugin" executed="True" result="Success" success="True" time="0.5737" asserts="0" description="Manifests del plugin">
            <results>
              <test-case description="plugin.json lleva versión SemVer" name="Manifests del plugin.plugin.json lleva versión SemVer" time="0.0035" asserts="0" success="True" result="Success" executed="True" />
              <test-case description="plugin.json declara superpowers como dependencia" name="Manifests del plugin.plugin.json declara superpowers como dependencia" time="0.0051" asserts="0" success="True" result="Success" executed="True" />
              <test-case description="marketplace.json publica el plugin desde la raíz del repo" name="Manifests del plugin.marketplace.json publica el plugin desde la raíz del repo" time="0.0052" asserts="0" success="True" result="Success" executed="True" />
              <test-case description="marketplace.json lleva description" name="Manifests del plugin.marketplace.json lleva description" time="0.0051" asserts="0" success="True" result="Success" executed="True" />
            </results>
          </test-suite>
          <test-suite type="TestFixture" name="Frontmatter de las skills de arranque" executed="True" result="Success" success="True" time="0.5965" asserts="0" description="Frontmatter de las skills de arranque">
            <results>
              <test-case description="sdd-templates no aparece en el menú de comandos" name="Frontmatter de las skills de arranque.sdd-templates no aparece en el menú de comandos" time="0.0042" asserts="0" success="True" result="Success" executed="True" />
              <test-suite type="ParameterizedTest" name="Frontmatter de las skills de arranque.&lt;_&gt; lleva argument-hint" executed="True" result="Success" success="True" time="0.0115" asserts="0" description="&lt;_&gt; lleva argument-hint">
                <results>
                  <test-case description="sdd-start-task lleva argument-hint" name="Frontmatter de las skills de arranque.sdd-start-task lleva argument-hint" time="0.0056" asserts="0" success="True" result="Success" executed="True" />
                  <test-case description="sdd-start-patch lleva argument-hint" name="Frontmatter de las skills de arranque.sdd-start-patch lleva argument-hint" time="0.003" asserts="0" success="True" result="Success" executed="True" />
                  <test-case description="sdd-consult lleva argument-hint" name="Frontmatter de las skills de arranque.sdd-consult lleva argument-hint" time="0.0029" asserts="0" success="True" result="Success" executed="True" />
                </results>
              </test-suite>
            </results>
          </test-suite>
        </results>
      </test-suite>
    </results>
  </test-suite>
</test-results>